{
  "RSpec": {
    "coverage": {
      "/home/igor/Documentos/RubyLe/catalog_crud/phone_catalog/app/helpers/application_helper.rb": {
        "lines": [
          1,
          null
        ],
        "branches": {}
      },
      "/home/igor/Documentos/RubyLe/catalog_crud/phone_catalog/app/helpers/peoples_helper.rb": {
        "lines": [
          1,
          null
        ],
        "branches": {}
      },
      "/home/igor/Documentos/RubyLe/catalog_crud/phone_catalog/app/controllers/application_controller.rb": {
        "lines": [
          0,
          null,
          0,
          0
        ],
        "branches": {}
      },
      "/home/igor/Documentos/RubyLe/catalog_crud/phone_catalog/app/controllers/people_controller.rb": {
        "lines": [
          0,
          0,
          null,
          null,
          0,
          0,
          0,
          0,
          0,
          0,
          0,
          null,
          null,
          0,
          0,
          0,
          0,
          0,
          0,
          null,
          null,
          0,
          0,
          0,
          0,
          0,
          0,
          0,
          0,
          0,
          null,
          null,
          0,
          0,
          0,
          0,
          0,
          0,
          0,
          0,
          null,
          null,
          0,
          0,
          null,
          0,
          0,
          0,
          0,
          0,
          0,
          null,
          null,
          0,
          0,
          0,
          0,
          0,
          0,
          0,
          null,
          null,
          0,
          0,
          0,
          0,
          null,
          0,
          null,
          0,
          0,
          0,
          null,
          0,
          0,
          0,
          0,
          0,
          0,
          0,
          0,
          0,
          0,
          0,
          0,
          0,
          0,
          0,
          0,
          0,
          0,
          0,
          0,
          0
        ],
        "branches": {}
      },
      "/home/igor/Documentos/RubyLe/catalog_crud/phone_catalog/app/jobs/application_job.rb": {
        "lines": [
          0,
          null,
          null,
          null,
          null,
          null,
          0
        ],
        "branches": {}
      },
      "/home/igor/Documentos/RubyLe/catalog_crud/phone_catalog/app/mailers/application_mailer.rb": {
        "lines": [
          0,
          0,
          0,
          0
        ],
        "branches": {}
      },
      "/home/igor/Documentos/RubyLe/catalog_crud/phone_catalog/app/models/address.rb": {
        "lines": [
          0,
          0,
          null,
          0,
          null,
          null,
          0,
          0,
          0,
          0
        ],
        "branches": {}
      },
      "/home/igor/Documentos/RubyLe/catalog_crud/phone_catalog/app/models/application_record.rb": {
        "lines": [
          0,
          0,
          0
        ],
        "branches": {}
      },
      "/home/igor/Documentos/RubyLe/catalog_crud/phone_catalog/app/models/group.rb": {
        "lines": [
          0,
          0,
          0,
          null,
          0,
          0
        ],
        "branches": {}
      },
      "/home/igor/Documentos/RubyLe/catalog_crud/phone_catalog/app/models/membership.rb": {
        "lines": [
          0,
          0,
          0,
          0,
          0
        ],
        "branches": {}
      },
      "/home/igor/Documentos/RubyLe/catalog_crud/phone_catalog/app/models/person.rb": {
        "lines": [
          0,
          0,
          0,
          0,
          0,
          0,
          0,
          0,
          null,
          0,
          0,
          0
        ],
        "branches": {}
      },
      "/home/igor/Documentos/RubyLe/catalog_crud/phone_catalog/app/models/phone_number.rb": {
        "lines": [
          0,
          0,
          0,
          0,
          0,
          0,
          0,
          0,
          0,
          0,
          0,
          0,
          0,
          0,
          0,
          0,
          0
        ],
        "branches": {}
      }
    },
    "timestamp": 1743874064
  }
}
